Sun, 27 Oct 2019 18:43:14 GMT: {"name":"MongoTimeoutError","reason":{"name":"MongoNetworkError","errorLabels":["TransientTransactionError"]}}
Thu, 31 Oct 2019 14:33:21 GMT: "Server started..."
Thu, 31 Oct 2019 14:33:22 GMT: {"code":"ER_ACCESS_DENIED_ERROR","errno":1045,"sqlMessage":"Access denied for user 'tehmi2000'@'localhost' (using password: YES)","sqlState":"28000","fatal":true}
Mon, 04 Nov 2019 14:35:59 GMT: {"name":"MongoError"}
Mon, 04 Nov 2019 16:40:41 GMT: {"ok":0,"errmsg":"cannot nest $ under $in","code":2,"codeName":"BadValue","name":"MongoError"}
Mon, 04 Nov 2019 16:42:41 GMT: {"ok":0,"errmsg":"cannot nest $ under $in","code":2,"codeName":"BadValue","name":"MongoError"}
Mon, 04 Nov 2019 16:42:44 GMT: {"ok":0,"errmsg":"cannot nest $ under $in","code":2,"codeName":"BadValue","name":"MongoError"}
Mon, 04 Nov 2019 16:46:05 GMT: {"ok":0,"errmsg":"unknown operator: $text","code":2,"codeName":"BadValue","name":"MongoError"}
Mon, 04 Nov 2019 16:49:08 GMT: {"ok":0,"errmsg":"unknown operator: $text","code":2,"codeName":"BadValue","name":"MongoError"}
Mon, 04 Nov 2019 16:51:07 GMT: {"ok":0,"errmsg":"unknown operator: $text","code":2,"codeName":"BadValue","name":"MongoError"}
Mon, 04 Nov 2019 18:39:26 GMT: {"driver":true,"name":"MongoError","index":0,"code":13297,"errmsg":"db already exists with different case already have: [Tehmi2000] trying to create [tehmi2000]"}
Mon, 04 Nov 2019 18:43:54 GMT: {"driver":true,"name":"MongoError","index":0,"code":11000,"errmsg":"E11000 duplicate key error collection: Tehmi2000.myCart index: _id_ dup key: { : \"5dae9b4f1c3f3e2510ffce22\" }"}
Sat, 09 Nov 2019 06:48:24 GMT: {"driver":true,"name":"MongoError","index":0,"code":11000,"errmsg":"E11000 duplicate key error collection: Tehmi2000.myCart index: _id_ dup key: { : \"5dae9b4f1c3f3e2510ffce22\" }"}
Sat, 09 Nov 2019 06:48:42 GMT: {"driver":true,"name":"MongoError","index":0,"code":11000,"errmsg":"E11000 duplicate key error collection: Tehmi2000.myCart index: _id_ dup key: { : \"5dae9b4f1c3f3e2510ffce22\" }"}
Sat, 09 Nov 2019 06:51:40 GMT: {"driver":true,"name":"MongoError","index":0,"code":11000,"errmsg":"E11000 duplicate key error collection: Tehmi2000.myCart index: _id_ dup key: { : \"5dae9b4f1c3f3e2510ffce22\" }"}
Sat, 09 Nov 2019 06:52:05 GMT: {"driver":true,"name":"MongoError","index":0,"code":11000,"errmsg":"E11000 duplicate key error collection: Tehmi2000.myCart index: _id_ dup key: { : \"5dae9b4f1c3f3e2510ffce22\" }"}
Sat, 09 Nov 2019 06:52:13 GMT: {"driver":true,"name":"MongoError","index":0,"code":11000,"errmsg":"E11000 duplicate key error collection: Tehmi2000.myCart index: _id_ dup key: { : \"5dae9b4f1c3f3e2510ffce22\" }"}
Sat, 09 Nov 2019 06:53:33 GMT: {"driver":true,"name":"MongoError","index":0,"code":11000,"errmsg":"E11000 duplicate key error collection: Tehmi2000.myCart index: _id_ dup key: { : \"5dae9b4f1c3f3e2510ffce22\" }"}
Sat, 09 Nov 2019 06:53:58 GMT: {"driver":true,"name":"MongoError","index":0,"code":11000,"errmsg":"E11000 duplicate key error collection: Tehmi2000.myCart index: _id_ dup key: { : \"5dae9b4f1c3f3e2510ffce22\" }"}
Sat, 09 Nov 2019 06:54:17 GMT: {"driver":true,"name":"MongoError","index":0,"code":11000,"errmsg":"E11000 duplicate key error collection: Ayoteo.myCart index: _id_ dup key: { : \"5dae9b4f1c3f3e2510ffce22\" }"}
Sat, 09 Nov 2019 16:00:25 GMT: {"code":"ER_ACCESS_DENIED_ERROR","errno":1045,"sqlMessage":"Access denied for user 'tehmi2000'@'localhost' (using password: YES)","sqlState":"28000","fatal":true}
Sun, 17 Nov 2019 09:50:56 GMT: {"driver":true,"name":"MongoError","index":0,"code":11000,"errmsg":"E11000 duplicate key error collection: Tehmi2000.myCart index: _id_ dup key: { : \"5db2cd7c17dbac1adcf299f3\" }"}
Sun, 17 Nov 2019 12:05:35 GMT: "Verification Email sending error"
Sun, 17 Nov 2019 12:05:35 GMT: {"errno":"ECONNREFUSED","code":"EDNS","syscall":"queryA","hostname":"smtp.gmail.com","command":"CONN"}
Wed, 20 Nov 2019 11:00:37 GMT: {"driver":true,"name":"MongoError","index":0,"code":11000,"errmsg":"E11000 duplicate key error collection: Tehmi2000.myCart index: _id_ dup key: { : \"5dc0926374d2032098c97422\" }"}
Sat, 23 Nov 2019 06:13:59 GMT: "Verification Email sending error"
Sat, 23 Nov 2019 06:13:59 GMT: {"errno":"ECONNREFUSED","code":"EDNS","syscall":"queryA","hostname":"smtp.gmail.com","command":"CONN"}
Sat, 30 Nov 2019 18:55:11 GMT: {"errno":"ECONNREFUSED","code":"ECONNREFUSED","syscall":"connect","address":"127.0.0.1","port":3306,"fatal":true}
Wed, 04 Dec 2019 20:23:52 GMT: {"errno":"ENOTFOUND","code":"ENOTFOUND","syscall":"getaddrinfo","hostname":"l9dwvv6j64hlhpul.cbetxkdyhwsb.us-east-1.rds.amazonaws.com","host":"l9dwvv6j64hlhpul.cbetxkdyhwsb.us-east-1.rds.amazonaws.com","port":3306,"fatal":true}
Thu, 05 Dec 2019 12:12:04 GMT: {}
Thu, 05 Dec 2019 12:13:19 GMT: {}
Thu, 05 Dec 2019 12:14:41 GMT: {}
Thu, 05 Dec 2019 12:14:46 GMT: {}
Thu, 05 Dec 2019 12:14:47 GMT: {}
Thu, 05 Dec 2019 12:15:02 GMT: {}
Thu, 05 Dec 2019 21:31:41 GMT: {"errno":"ENOTFOUND","code":"ENOTFOUND","syscall":"getaddrinfo","hostname":"l9dwvv6j64hlhpul.cbetxkdyhwsb.us-east-1.rds.amazonaws.com","host":"l9dwvv6j64hlhpul.cbetxkdyhwsb.us-east-1.rds.amazonaws.com","port":3306,"fatal":true}
Thu, 05 Dec 2019 21:31:44 GMT: {"name":"MongoParseError"}
Thu, 05 Dec 2019 21:33:44 GMT: {"name":"MongoParseError"}
Thu, 05 Dec 2019 21:35:15 GMT: {"code":"PROTOCOL_ENQUEUE_AFTER_FATAL_ERROR","fatal":false}
Thu, 05 Dec 2019 21:57:32 GMT: {"code":"ER_ACCESS_DENIED_ERROR","errno":1045,"sqlMessage":"Access denied for user 'root'@'localhost' (using password: NO)","sqlState":"28000","fatal":true}
Thu, 05 Dec 2019 21:57:56 GMT: {"code":"ER_ACCESS_DENIED_ERROR","errno":1045,"sqlMessage":"Access denied for user 'tehmi2000'@'localhost' (using password: NO)","sqlState":"28000","fatal":true}
Thu, 05 Dec 2019 21:58:03 GMT: {"code":"ER_ACCESS_DENIED_ERROR","errno":1045,"sqlMessage":"Access denied for user 'tehmi2000'@'localhost' (using password: YES)","sqlState":"28000","fatal":true}
Thu, 05 Dec 2019 21:58:11 GMT: {"code":"PROTOCOL_ENQUEUE_AFTER_FATAL_ERROR","fatal":false}
Fri, 06 Dec 2019 12:33:53 GMT: {"errno":-4058,"code":"ENOENT","syscall":"open","path":"C:\\Users\\Hp\\Desktop\\Project 2\\ecomm\\public\\uploas\\4496ad235a4941b2a4e0f2a670c8e053.jpg"}
Fri, 06 Dec 2019 20:22:41 GMT: {"code":"ER_ACCESS_DENIED_ERROR","errno":1045,"sqlMessage":"Access denied for user 'tehmi2000'@'localhost' (using password: YES)","sqlState":"28000","fatal":true}
Sun, 08 Dec 2019 05:45:17 GMT: {"errno":"ENOTFOUND","code":"ENOTFOUND","syscall":"getaddrinfo","hostname":"l9dwvv6j64hlhpul.cbetxkdyhwsb.us-east-1.rds.amazonaws.com","host":"l9dwvv6j64hlhpul.cbetxkdyhwsb.us-east-1.rds.amazonaws.com","port":3306,"fatal":true}
<<<<<<< HEAD
Thu, 12 Dec 2019 21:58:13 GMT: {"code":"ER_ACCESS_DENIED_ERROR","errno":1045,"sqlMessage":"Access denied for user 'tehmi2000'@'localhost' (using password: YES)","sqlState":"28000","fatal":true}
Thu, 12 Dec 2019 21:58:16 GMT: {"code":"ER_ACCESS_DENIED_ERROR","errno":1045,"sqlMessage":"Access denied for user 'tehmi2000'@'localhost' (using password: YES)","sqlState":"28000","fatal":true}
Thu, 12 Dec 2019 21:58:21 GMT: {"code":"ER_ACCESS_DENIED_ERROR","errno":1045,"sqlMessage":"Access denied for user 'tehmi2000'@'localhost' (using password: YES)","sqlState":"28000","fatal":true}
Thu, 12 Dec 2019 22:01:13 GMT: {"code":"ER_ACCESS_DENIED_ERROR","errno":1045,"sqlMessage":"Access denied for user 'tehmi2000'@'localhost' (using password: YES)","sqlState":"28000","fatal":true}
Thu, 12 Dec 2019 22:01:15 GMT: {"code":"ER_ACCESS_DENIED_ERROR","errno":1045,"sqlMessage":"Access denied for user 'tehmi2000'@'localhost' (using password: YES)","sqlState":"28000","fatal":true}
Thu, 12 Dec 2019 22:01:17 GMT: {"code":"ER_ACCESS_DENIED_ERROR","errno":1045,"sqlMessage":"Access denied for user 'tehmi2000'@'localhost' (using password: YES)","sqlState":"28000","fatal":true}
Thu, 12 Dec 2019 22:01:19 GMT: {"code":"ER_ACCESS_DENIED_ERROR","errno":1045,"sqlMessage":"Access denied for user 'tehmi2000'@'localhost' (using password: YES)","sqlState":"28000","fatal":true}
Thu, 12 Dec 2019 22:01:22 GMT: {"code":"ER_ACCESS_DENIED_ERROR","errno":1045,"sqlMessage":"Access denied for user 'tehmi2000'@'localhost' (using password: YES)","sqlState":"28000","fatal":true}
Thu, 12 Dec 2019 22:02:15 GMT: {"code":"PROTOCOL_ENQUEUE_AFTER_FATAL_ERROR","fatal":false}
Thu, 12 Dec 2019 22:05:54 GMT: "Verification Email sending error"
Thu, 12 Dec 2019 22:05:54 GMT: {"errno":"ECONNREFUSED","code":"EDNS","syscall":"queryA","hostname":"smtp.gmail.com","command":"CONN"}
Thu, 12 Dec 2019 22:07:17 GMT: "Verification Email sending error"
Thu, 12 Dec 2019 22:07:17 GMT: {"errno":"ECONNREFUSED","code":"EDNS","syscall":"queryA","hostname":"smtp.gmail.com","command":"CONN"}
Thu, 12 Dec 2019 22:25:11 GMT: "Verification Email sending error"
Thu, 12 Dec 2019 22:25:11 GMT: {"errno":"ECONNREFUSED","code":"EDNS","syscall":"queryA","hostname":"smtp.gmail.com","command":"CONN"}
=======
Thu, 12 Dec 2019 07:57:38 GMT: {"code":"ER_ACCESS_DENIED_ERROR","errno":1045,"sqlMessage":"Access denied for user ''@'129.205.112.252' (using password: NO)","sqlState":"28000","fatal":true}
Thu, 12 Dec 2019 08:00:39 GMT: {"code":"ER_ACCESS_DENIED_ERROR","errno":1045,"sqlMessage":"Access denied for user 'tehmi2000'@'localhost' (using password: YES)","sqlState":"28000","fatal":true}
Thu, 12 Dec 2019 08:01:18 GMT: {"code":"ER_ACCESS_DENIED_ERROR","errno":1045,"sqlMessage":"Access denied for user 'tehmi2000'@'localhost' (using password: YES)","sqlState":"28000","fatal":true}
Thu, 12 Dec 2019 18:33:48 GMT: "Verification Email sending error"
Thu, 12 Dec 2019 18:33:48 GMT: {"errno":"ECONNREFUSED","code":"EDNS","syscall":"queryA","hostname":"smtp.gmail.com","command":"CONN"}
Thu, 12 Dec 2019 18:34:18 GMT: {"code":"ER_NO_SUCH_TABLE","errno":1146,"sqlMessage":"Table 'ecomm_db.categories' doesn't exist","sqlState":"42S02","index":0,"sql":"SELECT * FROM categories WHERE 1"}
Thu, 12 Dec 2019 18:36:18 GMT: {"code":"ER_NO_SUCH_TABLE","errno":1146,"sqlMessage":"Table 'ecomm_db.categories' doesn't exist","sqlState":"42S02","index":0,"sql":"SELECT * FROM categories WHERE 1"}
Thu, 12 Dec 2019 18:44:51 GMT: {"code":"ER_NO_SUCH_TABLE","errno":1146,"sqlMessage":"Table 'ecomm_db.vendors' doesn't exist","sqlState":"42S02","index":0,"sql":"SELECT sellerID FROM vendors WHERE username='Tehmi2000'"}
Fri, 13 Dec 2019 05:54:10 GMT: {"code":"ER_ACCESS_DENIED_ERROR","errno":1045,"sqlMessage":"Access denied for user ''@'129.205.112.254' (using password: NO)","sqlState":"28000","fatal":true}
Fri, 13 Dec 2019 05:56:48 GMT: {"code":"ER_ACCESS_DENIED_ERROR","errno":1045,"sqlMessage":"Access denied for user ''@'129.205.112.254' (using password: NO)","sqlState":"28000","fatal":true}
Fri, 13 Dec 2019 06:00:32 GMT: {"code":"ER_ACCESS_DENIED_ERROR","errno":1045,"sqlMessage":"Access denied for user ''@'129.205.112.254' (using password: NO)","sqlState":"28000","fatal":true}
Fri, 13 Dec 2019 06:03:28 GMT: {"errorno":"ETIMEDOUT","code":"ETIMEDOUT","syscall":"connect","fatal":true}
Fri, 13 Dec 2019 06:02:48 GMT: {"code":"ER_ACCESS_DENIED_ERROR","errno":1045,"sqlMessage":"Access denied for user ''@'129.205.112.254' (using password: NO)","sqlState":"28000","fatal":true}
Fri, 13 Dec 2019 06:10:03 GMT: {"code":"ER_ACCESS_DENIED_ERROR","errno":1045,"sqlMessage":"Access denied for user ''@'129.205.112.254' (using password: NO)","sqlState":"28000","fatal":true}
Fri, 13 Dec 2019 06:12:12 GMT: {"code":"ER_ACCESS_DENIED_ERROR","errno":1045,"sqlMessage":"Access denied for user ''@'129.205.112.254' (using password: NO)","sqlState":"28000","fatal":true}
Fri, 13 Dec 2019 06:21:03 GMT: {"code":"ER_ACCESS_DENIED_ERROR","errno":1045,"sqlMessage":"Access denied for user ''@'129.205.112.254' (using password: NO)","sqlState":"28000","fatal":true}
Fri, 13 Dec 2019 06:23:56 GMT: {"code":"ER_ACCESS_DENIED_ERROR","errno":1045,"sqlMessage":"Access denied for user ''@'129.205.112.254' (using password: NO)","sqlState":"28000","fatal":true}
Fri, 13 Dec 2019 06:25:02 GMT: {"code":"ER_ACCESS_DENIED_ERROR","errno":1045,"sqlMessage":"Access denied for user ''@'129.205.112.254' (using password: NO)","sqlState":"28000","fatal":true}
Fri, 13 Dec 2019 06:25:26 GMT: {"code":"ER_ACCESS_DENIED_ERROR","errno":1045,"sqlMessage":"Access denied for user ''@'129.205.112.254' (using password: NO)","sqlState":"28000","fatal":true}
Fri, 13 Dec 2019 06:26:01 GMT: {"code":"ER_ACCESS_DENIED_ERROR","errno":1045,"sqlMessage":"Access denied for user ''@'129.205.112.254' (using password: NO)","sqlState":"28000","fatal":true}
Fri, 13 Dec 2019 06:26:28 GMT: {"code":"ER_ACCESS_DENIED_ERROR","errno":1045,"sqlMessage":"Access denied for user ''@'129.205.112.254' (using password: NO)","sqlState":"28000","fatal":true}
Fri, 13 Dec 2019 06:27:36 GMT: {"errorno":"ETIMEDOUT","code":"ETIMEDOUT","syscall":"connect","fatal":true}
Fri, 13 Dec 2019 06:28:33 GMT: {"code":"ER_ACCESS_DENIED_ERROR","errno":1045,"sqlMessage":"Access denied for user ''@'129.205.112.254' (using password: NO)","sqlState":"28000","fatal":true}
Fri, 13 Dec 2019 06:28:56 GMT: {"code":"ER_ACCESS_DENIED_ERROR","errno":1045,"sqlMessage":"Access denied for user ''@'129.205.112.254' (using password: NO)","sqlState":"28000","fatal":true}
Fri, 13 Dec 2019 06:29:18 GMT: {"code":"ER_ACCESS_DENIED_ERROR","errno":1045,"sqlMessage":"Access denied for user ''@'129.205.112.254' (using password: NO)","sqlState":"28000","fatal":true}
Fri, 13 Dec 2019 06:29:33 GMT: {"code":"ER_ACCESS_DENIED_ERROR","errno":1045,"sqlMessage":"Access denied for user ''@'129.205.112.254' (using password: NO)","sqlState":"28000","fatal":true}
Fri, 13 Dec 2019 07:10:08 GMT: {"code":"ER_ACCESS_DENIED_ERROR","errno":1045,"sqlMessage":"Access denied for user ''@'129.205.112.254' (using password: NO)","sqlState":"28000","fatal":true}
Fri, 13 Dec 2019 07:12:00 GMT: {"code":"ER_ACCESS_DENIED_ERROR","errno":1045,"sqlMessage":"Access denied for user ''@'129.205.112.254' (using password: NO)","sqlState":"28000","fatal":true}
Fri, 13 Dec 2019 07:13:21 GMT: {"code":"ER_ACCESS_DENIED_ERROR","errno":1045,"sqlMessage":"Access denied for user 'tehmi2000'@'localhost' (using password: YES)","sqlState":"28000","fatal":true}
Fri, 13 Dec 2019 07:13:53 GMT: {"code":"ER_ACCESS_DENIED_ERROR","errno":1045,"sqlMessage":"Access denied for user 'tehmi2000'@'localhost' (using password: YES)","sqlState":"28000","fatal":true}
Fri, 13 Dec 2019 07:14:28 GMT: {}
Fri, 13 Dec 2019 07:14:28 GMT: {}
Fri, 13 Dec 2019 07:15:51 GMT: {"code":"ER_ACCESS_DENIED_ERROR","errno":1045,"sqlMessage":"Access denied for user ''@'129.205.112.254' (using password: NO)","sqlState":"28000","fatal":true}
Fri, 13 Dec 2019 07:16:37 GMT: {"code":"ER_ACCESS_DENIED_ERROR","errno":1045,"sqlMessage":"Access denied for user ''@'129.205.112.254' (using password: NO)","sqlState":"28000","fatal":true}
>>>>>>> 73ac930c5edb68a361d30058caa1990c47aaa0cb
Sat, 14 Dec 2019 17:03:25 GMT: {"code":"ER_ACCESS_DENIED_ERROR","errno":1045,"sqlMessage":"Access denied for user ''@'129.205.112.254' (using password: NO)","sqlState":"28000","fatal":true}
Sat, 14 Dec 2019 17:04:01 GMT: {"code":"ER_ACCESS_DENIED_ERROR","errno":1045,"sqlMessage":"Access denied for user ''@'129.205.112.254' (using password: NO)","sqlState":"28000","fatal":true}
Sat, 14 Dec 2019 17:04:27 GMT: {"code":"ER_ACCESS_DENIED_ERROR","errno":1045,"sqlMessage":"Access denied for user ''@'129.205.112.254' (using password: NO)","sqlState":"28000","fatal":true}
Sat, 14 Dec 2019 17:06:58 GMT: {"errno":"ENOTFOUND","code":"ENOTFOUND","syscall":"getaddrinfo","hostname":"l9dwvv6j64hlhpul.cbetxkdyhwsb.us-east-1.rds.amazonaws.com","host":"l9dwvv6j64hlhpul.cbetxkdyhwsb.us-east-1.rds.amazonaws.com","port":3306,"fatal":true}
Sat, 14 Dec 2019 17:07:04 GMT: {"code":"ER_ACCESS_DENIED_ERROR","errno":1045,"sqlMessage":"Access denied for user ''@'129.205.112.254' (using password: NO)","sqlState":"28000","fatal":true}
Sat, 14 Dec 2019 17:07:14 GMT: {"code":"ER_ACCESS_DENIED_ERROR","errno":1045,"sqlMessage":"Access denied for user ''@'129.205.112.254' (using password: NO)","sqlState":"28000","fatal":true}
Sat, 14 Dec 2019 17:07:35 GMT: {"code":"ER_ACCESS_DENIED_ERROR","errno":1045,"sqlMessage":"Access denied for user ''@'129.205.112.254' (using password: NO)","sqlState":"28000","fatal":true}
Sat, 14 Dec 2019 17:08:13 GMT: {"code":"ER_ACCESS_DENIED_ERROR","errno":1045,"sqlMessage":"Access denied for user ''@'129.205.112.254' (using password: NO)","sqlState":"28000","fatal":true}
Sat, 14 Dec 2019 17:08:43 GMT: {"code":"ER_ACCESS_DENIED_ERROR","errno":1045,"sqlMessage":"Access denied for user ''@'129.205.112.254' (using password: NO)","sqlState":"28000","fatal":true}
Sat, 14 Dec 2019 17:09:01 GMT: {"code":"ER_ACCESS_DENIED_ERROR","errno":1045,"sqlMessage":"Access denied for user ''@'129.205.112.254' (using password: NO)","sqlState":"28000","fatal":true}
Sat, 14 Dec 2019 17:09:04 GMT: {"code":"ER_ACCESS_DENIED_ERROR","errno":1045,"sqlMessage":"Access denied for user ''@'129.205.112.254' (using password: NO)","sqlState":"28000","fatal":true}
Sat, 14 Dec 2019 17:09:08 GMT: {"code":"ER_ACCESS_DENIED_ERROR","errno":1045,"sqlMessage":"Access denied for user ''@'129.205.112.254' (using password: NO)","sqlState":"28000","fatal":true}
Sat, 14 Dec 2019 17:09:14 GMT: {"code":"ER_ACCESS_DENIED_ERROR","errno":1045,"sqlMessage":"Access denied for user ''@'129.205.112.254' (using password: NO)","sqlState":"28000","fatal":true}
Sat, 14 Dec 2019 17:09:22 GMT: {"code":"ER_ACCESS_DENIED_ERROR","errno":1045,"sqlMessage":"Access denied for user ''@'129.205.112.254' (using password: NO)","sqlState":"28000","fatal":true}
Sat, 14 Dec 2019 17:09:45 GMT: {"code":"ER_ACCESS_DENIED_ERROR","errno":1045,"sqlMessage":"Access denied for user ''@'129.205.112.254' (using password: NO)","sqlState":"28000","fatal":true}
Sat, 14 Dec 2019 17:10:34 GMT: {"code":"ER_ACCESS_DENIED_ERROR","errno":1045,"sqlMessage":"Access denied for user ''@'129.205.112.254' (using password: NO)","sqlState":"28000","fatal":true}
Sat, 14 Dec 2019 17:10:48 GMT: {"code":"ER_ACCESS_DENIED_ERROR","errno":1045,"sqlMessage":"Access denied for user ''@'129.205.112.254' (using password: NO)","sqlState":"28000","fatal":true}
Sat, 14 Dec 2019 17:10:52 GMT: {"code":"ER_ACCESS_DENIED_ERROR","errno":1045,"sqlMessage":"Access denied for user ''@'129.205.112.254' (using password: NO)","sqlState":"28000","fatal":true}
Sat, 14 Dec 2019 17:11:04 GMT: {"code":"ER_ACCESS_DENIED_ERROR","errno":1045,"sqlMessage":"Access denied for user ''@'129.205.112.254' (using password: NO)","sqlState":"28000","fatal":true}
Sat, 14 Dec 2019 17:11:13 GMT: {"code":"ER_ACCESS_DENIED_ERROR","errno":1045,"sqlMessage":"Access denied for user ''@'129.205.112.254' (using password: NO)","sqlState":"28000","fatal":true}
Sat, 14 Dec 2019 17:11:18 GMT: {"code":"ER_ACCESS_DENIED_ERROR","errno":1045,"sqlMessage":"Access denied for user ''@'129.205.112.254' (using password: NO)","sqlState":"28000","fatal":true}
Sat, 14 Dec 2019 17:11:31 GMT: {"code":"ER_ACCESS_DENIED_ERROR","errno":1045,"sqlMessage":"Access denied for user ''@'129.205.112.254' (using password: NO)","sqlState":"28000","fatal":true}
Sat, 14 Dec 2019 17:11:51 GMT: {"code":"ER_ACCESS_DENIED_ERROR","errno":1045,"sqlMessage":"Access denied for user ''@'129.205.112.254' (using password: NO)","sqlState":"28000","fatal":true}
Sat, 14 Dec 2019 17:12:00 GMT: {"code":"ER_ACCESS_DENIED_ERROR","errno":1045,"sqlMessage":"Access denied for user ''@'129.205.112.254' (using password: NO)","sqlState":"28000","fatal":true}
Sat, 14 Dec 2019 17:12:49 GMT: {"code":"ER_ACCESS_DENIED_ERROR","errno":1045,"sqlMessage":"Access denied for user ''@'129.205.112.254' (using password: NO)","sqlState":"28000","fatal":true}
Sat, 14 Dec 2019 17:13:41 GMT: {"errno":"ENOTFOUND","code":"ENOTFOUND","syscall":"getaddrinfo","hostname":"l9dwvv6j64hlhpul.cbetxkdyhwsb.us-east-1.rds.amazonaws.com","host":"l9dwvv6j64hlhpul.cbetxkdyhwsb.us-east-1.rds.amazonaws.com","port":3306,"fatal":true}
Sat, 14 Dec 2019 17:13:47 GMT: {"errno":"ENOTFOUND","code":"ENOTFOUND","syscall":"getaddrinfo","hostname":"l9dwvv6j64hlhpul.cbetxkdyhwsb.us-east-1.rds.amazonaws.com","host":"l9dwvv6j64hlhpul.cbetxkdyhwsb.us-east-1.rds.amazonaws.com","port":3306,"fatal":true}
Sat, 14 Dec 2019 17:13:55 GMT: {"errno":"ENOTFOUND","code":"ENOTFOUND","syscall":"getaddrinfo","hostname":"l9dwvv6j64hlhpul.cbetxkdyhwsb.us-east-1.rds.amazonaws.com","host":"l9dwvv6j64hlhpul.cbetxkdyhwsb.us-east-1.rds.amazonaws.com","port":3306,"fatal":true}
Sat, 14 Dec 2019 17:13:59 GMT: {"errno":"ENOTFOUND","code":"ENOTFOUND","syscall":"getaddrinfo","hostname":"l9dwvv6j64hlhpul.cbetxkdyhwsb.us-east-1.rds.amazonaws.com","host":"l9dwvv6j64hlhpul.cbetxkdyhwsb.us-east-1.rds.amazonaws.com","port":3306,"fatal":true}
Sat, 14 Dec 2019 17:14:05 GMT: {"errno":"ENOTFOUND","code":"ENOTFOUND","syscall":"getaddrinfo","hostname":"l9dwvv6j64hlhpul.cbetxkdyhwsb.us-east-1.rds.amazonaws.com","host":"l9dwvv6j64hlhpul.cbetxkdyhwsb.us-east-1.rds.amazonaws.com","port":3306,"fatal":true}
Sat, 14 Dec 2019 17:14:09 GMT: {"errno":"ENOTFOUND","code":"ENOTFOUND","syscall":"getaddrinfo","hostname":"l9dwvv6j64hlhpul.cbetxkdyhwsb.us-east-1.rds.amazonaws.com","host":"l9dwvv6j64hlhpul.cbetxkdyhwsb.us-east-1.rds.amazonaws.com","port":3306,"fatal":true}
Sat, 14 Dec 2019 17:14:42 GMT: {"errno":"ENOTFOUND","code":"ENOTFOUND","syscall":"getaddrinfo","hostname":"l9dwvv6j64hlhpul.cbetxkdyhwsb.us-east-1.rds.amazonaws.com","host":"l9dwvv6j64hlhpul.cbetxkdyhwsb.us-east-1.rds.amazonaws.com","port":3306,"fatal":true}
Sat, 14 Dec 2019 17:14:49 GMT: {"errno":"ENOTFOUND","code":"ENOTFOUND","syscall":"getaddrinfo","hostname":"l9dwvv6j64hlhpul.cbetxkdyhwsb.us-east-1.rds.amazonaws.com","host":"l9dwvv6j64hlhpul.cbetxkdyhwsb.us-east-1.rds.amazonaws.com","port":3306,"fatal":true}
Sat, 14 Dec 2019 17:15:13 GMT: {"errno":"ENOTFOUND","code":"ENOTFOUND","syscall":"getaddrinfo","hostname":"l9dwvv6j64hlhpul.cbetxkdyhwsb.us-east-1.rds.amazonaws.com","host":"l9dwvv6j64hlhpul.cbetxkdyhwsb.us-east-1.rds.amazonaws.com","port":3306,"fatal":true}
Sat, 14 Dec 2019 17:15:16 GMT: {"errno":"ENOTFOUND","code":"ENOTFOUND","syscall":"getaddrinfo","hostname":"l9dwvv6j64hlhpul.cbetxkdyhwsb.us-east-1.rds.amazonaws.com","host":"l9dwvv6j64hlhpul.cbetxkdyhwsb.us-east-1.rds.amazonaws.com","port":3306,"fatal":true}
Sat, 14 Dec 2019 17:15:29 GMT: {"errno":"ENOTFOUND","code":"ENOTFOUND","syscall":"getaddrinfo","hostname":"l9dwvv6j64hlhpul.cbetxkdyhwsb.us-east-1.rds.amazonaws.com","host":"l9dwvv6j64hlhpul.cbetxkdyhwsb.us-east-1.rds.amazonaws.com","port":3306,"fatal":true}
Sat, 14 Dec 2019 17:15:55 GMT: {"errno":"ENOTFOUND","code":"ENOTFOUND","syscall":"getaddrinfo","hostname":"l9dwvv6j64hlhpul.cbetxkdyhwsb.us-east-1.rds.amazonaws.com","host":"l9dwvv6j64hlhpul.cbetxkdyhwsb.us-east-1.rds.amazonaws.com","port":3306,"fatal":true}
Sun, 15 Dec 2019 02:31:42 GMT: {"errno":"ENOTFOUND","code":"ENOTFOUND","syscall":"getaddrinfo","hostname":"l9dwvv6j64hlhpul.cbetxkdyhwsb.us-east-1.rds.amazonaws.com","host":"l9dwvv6j64hlhpul.cbetxkdyhwsb.us-east-1.rds.amazonaws.com","port":3306,"fatal":true}
Sun, 15 Dec 2019 02:31:49 GMT: {"errno":"ENOTFOUND","code":"ENOTFOUND","syscall":"getaddrinfo","hostname":"l9dwvv6j64hlhpul.cbetxkdyhwsb.us-east-1.rds.amazonaws.com","host":"l9dwvv6j64hlhpul.cbetxkdyhwsb.us-east-1.rds.amazonaws.com","port":3306,"fatal":true}
Sun, 15 Dec 2019 02:31:51 GMT: {"errno":"ENOTFOUND","code":"ENOTFOUND","syscall":"getaddrinfo","hostname":"l9dwvv6j64hlhpul.cbetxkdyhwsb.us-east-1.rds.amazonaws.com","host":"l9dwvv6j64hlhpul.cbetxkdyhwsb.us-east-1.rds.amazonaws.com","port":3306,"fatal":true}
Sun, 15 Dec 2019 02:32:37 GMT: {"errno":"ENOTFOUND","code":"ENOTFOUND","syscall":"getaddrinfo","hostname":"l9dwvv6j64hlhpul.cbetxkdyhwsb.us-east-1.rds.amazonaws.com","host":"l9dwvv6j64hlhpul.cbetxkdyhwsb.us-east-1.rds.amazonaws.com","port":3306,"fatal":true}
Sun, 15 Dec 2019 02:32:50 GMT: {"errno":"ENOTFOUND","code":"ENOTFOUND","syscall":"getaddrinfo","hostname":"l9dwvv6j64hlhpul.cbetxkdyhwsb.us-east-1.rds.amazonaws.com","host":"l9dwvv6j64hlhpul.cbetxkdyhwsb.us-east-1.rds.amazonaws.com","port":3306,"fatal":true}
Sun, 15 Dec 2019 02:32:59 GMT: {"errno":"ENOTFOUND","code":"ENOTFOUND","syscall":"getaddrinfo","hostname":"l9dwvv6j64hlhpul.cbetxkdyhwsb.us-east-1.rds.amazonaws.com","host":"l9dwvv6j64hlhpul.cbetxkdyhwsb.us-east-1.rds.amazonaws.com","port":3306,"fatal":true}
Sun, 15 Dec 2019 02:33:01 GMT: {"errno":"ENOTFOUND","code":"ENOTFOUND","syscall":"getaddrinfo","hostname":"l9dwvv6j64hlhpul.cbetxkdyhwsb.us-east-1.rds.amazonaws.com","host":"l9dwvv6j64hlhpul.cbetxkdyhwsb.us-east-1.rds.amazonaws.com","port":3306,"fatal":true}
Sun, 15 Dec 2019 02:33:12 GMT: {"errno":"ENOTFOUND","code":"ENOTFOUND","syscall":"getaddrinfo","hostname":"l9dwvv6j64hlhpul.cbetxkdyhwsb.us-east-1.rds.amazonaws.com","host":"l9dwvv6j64hlhpul.cbetxkdyhwsb.us-east-1.rds.amazonaws.com","port":3306,"fatal":true}
Sun, 15 Dec 2019 02:33:41 GMT: {"errno":"ENOTFOUND","code":"ENOTFOUND","syscall":"getaddrinfo","hostname":"l9dwvv6j64hlhpul.cbetxkdyhwsb.us-east-1.rds.amazonaws.com","host":"l9dwvv6j64hlhpul.cbetxkdyhwsb.us-east-1.rds.amazonaws.com","port":3306,"fatal":true}
Sun, 15 Dec 2019 02:33:55 GMT: {"errno":"ENOTFOUND","code":"ENOTFOUND","syscall":"getaddrinfo","hostname":"l9dwvv6j64hlhpul.cbetxkdyhwsb.us-east-1.rds.amazonaws.com","host":"l9dwvv6j64hlhpul.cbetxkdyhwsb.us-east-1.rds.amazonaws.com","port":3306,"fatal":true}
Sun, 15 Dec 2019 02:34:00 GMT: {"errno":"ENOTFOUND","code":"ENOTFOUND","syscall":"getaddrinfo","hostname":"l9dwvv6j64hlhpul.cbetxkdyhwsb.us-east-1.rds.amazonaws.com","host":"l9dwvv6j64hlhpul.cbetxkdyhwsb.us-east-1.rds.amazonaws.com","port":3306,"fatal":true}
Sun, 15 Dec 2019 02:34:14 GMT: {"errno":"ENOTFOUND","code":"ENOTFOUND","syscall":"getaddrinfo","hostname":"l9dwvv6j64hlhpul.cbetxkdyhwsb.us-east-1.rds.amazonaws.com","host":"l9dwvv6j64hlhpul.cbetxkdyhwsb.us-east-1.rds.amazonaws.com","port":3306,"fatal":true}
Sun, 15 Dec 2019 02:34:18 GMT: {"errno":"ENOTFOUND","code":"ENOTFOUND","syscall":"getaddrinfo","hostname":"l9dwvv6j64hlhpul.cbetxkdyhwsb.us-east-1.rds.amazonaws.com","host":"l9dwvv6j64hlhpul.cbetxkdyhwsb.us-east-1.rds.amazonaws.com","port":3306,"fatal":true}
Sun, 15 Dec 2019 02:34:20 GMT: {"errno":"ENOTFOUND","code":"ENOTFOUND","syscall":"getaddrinfo","hostname":"l9dwvv6j64hlhpul.cbetxkdyhwsb.us-east-1.rds.amazonaws.com","host":"l9dwvv6j64hlhpul.cbetxkdyhwsb.us-east-1.rds.amazonaws.com","port":3306,"fatal":true}
Sun, 15 Dec 2019 02:34:30 GMT: {"errno":"ENOTFOUND","code":"ENOTFOUND","syscall":"getaddrinfo","hostname":"l9dwvv6j64hlhpul.cbetxkdyhwsb.us-east-1.rds.amazonaws.com","host":"l9dwvv6j64hlhpul.cbetxkdyhwsb.us-east-1.rds.amazonaws.com","port":3306,"fatal":true}
Sun, 15 Dec 2019 02:36:00 GMT: {"errno":"ENOTFOUND","code":"ENOTFOUND","syscall":"getaddrinfo","hostname":"l9dwvv6j64hlhpul.cbetxkdyhwsb.us-east-1.rds.amazonaws.com","host":"l9dwvv6j64hlhpul.cbetxkdyhwsb.us-east-1.rds.amazonaws.com","port":3306,"fatal":true}
Sun, 15 Dec 2019 02:36:11 GMT: {"errno":"ENOTFOUND","code":"ENOTFOUND","syscall":"getaddrinfo","hostname":"l9dwvv6j64hlhpul.cbetxkdyhwsb.us-east-1.rds.amazonaws.com","host":"l9dwvv6j64hlhpul.cbetxkdyhwsb.us-east-1.rds.amazonaws.com","port":3306,"fatal":true}
Sun, 15 Dec 2019 02:36:13 GMT: {"errno":"ENOTFOUND","code":"ENOTFOUND","syscall":"getaddrinfo","hostname":"l9dwvv6j64hlhpul.cbetxkdyhwsb.us-east-1.rds.amazonaws.com","host":"l9dwvv6j64hlhpul.cbetxkdyhwsb.us-east-1.rds.amazonaws.com","port":3306,"fatal":true}
Sun, 15 Dec 2019 02:36:20 GMT: {"errno":"ENOTFOUND","code":"ENOTFOUND","syscall":"getaddrinfo","hostname":"l9dwvv6j64hlhpul.cbetxkdyhwsb.us-east-1.rds.amazonaws.com","host":"l9dwvv6j64hlhpul.cbetxkdyhwsb.us-east-1.rds.amazonaws.com","port":3306,"fatal":true}
Sun, 15 Dec 2019 02:36:24 GMT: {"errno":"ENOTFOUND","code":"ENOTFOUND","syscall":"getaddrinfo","hostname":"l9dwvv6j64hlhpul.cbetxkdyhwsb.us-east-1.rds.amazonaws.com","host":"l9dwvv6j64hlhpul.cbetxkdyhwsb.us-east-1.rds.amazonaws.com","port":3306,"fatal":true}
Sun, 15 Dec 2019 02:36:26 GMT: {"errno":"ENOTFOUND","code":"ENOTFOUND","syscall":"getaddrinfo","hostname":"l9dwvv6j64hlhpul.cbetxkdyhwsb.us-east-1.rds.amazonaws.com","host":"l9dwvv6j64hlhpul.cbetxkdyhwsb.us-east-1.rds.amazonaws.com","port":3306,"fatal":true}
Sun, 15 Dec 2019 02:36:29 GMT: {"errno":"ENOTFOUND","code":"ENOTFOUND","syscall":"getaddrinfo","hostname":"l9dwvv6j64hlhpul.cbetxkdyhwsb.us-east-1.rds.amazonaws.com","host":"l9dwvv6j64hlhpul.cbetxkdyhwsb.us-east-1.rds.amazonaws.com","port":3306,"fatal":true}
Sun, 15 Dec 2019 02:36:31 GMT: {"errno":"ENOTFOUND","code":"ENOTFOUND","syscall":"getaddrinfo","hostname":"l9dwvv6j64hlhpul.cbetxkdyhwsb.us-east-1.rds.amazonaws.com","host":"l9dwvv6j64hlhpul.cbetxkdyhwsb.us-east-1.rds.amazonaws.com","port":3306,"fatal":true}
Sun, 15 Dec 2019 02:36:37 GMT: {"errno":"ENOTFOUND","code":"ENOTFOUND","syscall":"getaddrinfo","hostname":"l9dwvv6j64hlhpul.cbetxkdyhwsb.us-east-1.rds.amazonaws.com","host":"l9dwvv6j64hlhpul.cbetxkdyhwsb.us-east-1.rds.amazonaws.com","port":3306,"fatal":true}
Sun, 15 Dec 2019 02:36:45 GMT: {"errno":"ENOTFOUND","code":"ENOTFOUND","syscall":"getaddrinfo","hostname":"l9dwvv6j64hlhpul.cbetxkdyhwsb.us-east-1.rds.amazonaws.com","host":"l9dwvv6j64hlhpul.cbetxkdyhwsb.us-east-1.rds.amazonaws.com","port":3306,"fatal":true}
Sun, 15 Dec 2019 02:36:48 GMT: {"errno":"ENOTFOUND","code":"ENOTFOUND","syscall":"getaddrinfo","hostname":"l9dwvv6j64hlhpul.cbetxkdyhwsb.us-east-1.rds.amazonaws.com","host":"l9dwvv6j64hlhpul.cbetxkdyhwsb.us-east-1.rds.amazonaws.com","port":3306,"fatal":true}
Sun, 15 Dec 2019 02:39:42 GMT: {"code":"ER_ACCESS_DENIED_ERROR","errno":1045,"sqlMessage":"Access denied for user ''@'129.205.112.254' (using password: NO)","sqlState":"28000","fatal":true}
Sun, 15 Dec 2019 02:43:03 GMT: {"code":"ER_ACCESS_DENIED_ERROR","errno":1045,"sqlMessage":"Access denied for user ''@'129.205.112.254' (using password: NO)","sqlState":"28000","fatal":true}
Tue, 17 Dec 2019 03:43:12 GMT: {"code":"ER_ACCESS_DENIED_ERROR","errno":1045,"sqlMessage":"Access denied for user 'tehmi2000'@'localhost' (using password: YES)","sqlState":"28000","fatal":true}
Fri, 25 Sep 2020 18:28:17 GMT: {"name":"MongoParseError"}
Fri, 25 Sep 2020 18:28:17 GMT: {"errno":"ENOTFOUND","code":"ENOTFOUND","syscall":"getaddrinfo","hostname":"l9dwvv6j64hlhpul.cbetxkdyhwsb.us-east-1.rds.amazonaws.com","host":"l9dwvv6j64hlhpul.cbetxkdyhwsb.us-east-1.rds.amazonaws.com","port":3306,"fatal":true}
Thu, 08 Oct 2020 20:52:09 GMT: {}
Thu, 08 Oct 2020 20:54:09 GMT: {}
Thu, 08 Oct 2020 21:06:05 GMT: {}
Thu, 08 Oct 2020 21:06:30 GMT: {}
Thu, 08 Oct 2020 21:07:27 GMT: {}
Thu, 08 Oct 2020 21:07:53 GMT: {}
Thu, 08 Oct 2020 21:09:53 GMT: {}
Thu, 08 Oct 2020 21:11:23 GMT: {}
Thu, 08 Oct 2020 21:12:08 GMT: {}
Thu, 08 Oct 2020 21:14:02 GMT: {}
Thu, 08 Oct 2020 21:14:34 GMT: {}
Thu, 08 Oct 2020 21:15:03 GMT: {}
Thu, 08 Oct 2020 21:17:04 GMT: {}
Thu, 08 Oct 2020 21:17:50 GMT: {}
Thu, 08 Oct 2020 21:18:39 GMT: {}
Thu, 08 Oct 2020 21:19:51 GMT: {}
Thu, 08 Oct 2020 21:20:42 GMT: {}
Thu, 08 Oct 2020 21:21:38 GMT: {}
Thu, 08 Oct 2020 21:21:52 GMT: {}
Thu, 08 Oct 2020 21:23:17 GMT: {}
Thu, 08 Oct 2020 21:23:56 GMT: {}
Thu, 08 Oct 2020 21:24:30 GMT: {}
Thu, 08 Oct 2020 21:25:35 GMT: {}
Thu, 08 Oct 2020 21:25:54 GMT: {}
Thu, 08 Oct 2020 21:26:32 GMT: {}
Thu, 08 Oct 2020 21:27:23 GMT: {}
Thu, 08 Oct 2020 21:27:40 GMT: {}
Thu, 08 Oct 2020 21:28:13 GMT: {}
Thu, 08 Oct 2020 21:29:04 GMT: {}
Thu, 08 Oct 2020 21:29:14 GMT: {}
Thu, 08 Oct 2020 21:30:53 GMT: {}
Thu, 08 Oct 2020 21:31:20 GMT: {}
Thu, 08 Oct 2020 21:31:38 GMT: {}
Thu, 08 Oct 2020 21:32:17 GMT: {}
Thu, 08 Oct 2020 21:33:52 GMT: {}
Thu, 08 Oct 2020 21:34:09 GMT: {}
Thu, 08 Oct 2020 21:34:52 GMT: {}
Thu, 08 Oct 2020 21:35:29 GMT: {}
Thu, 08 Oct 2020 21:35:43 GMT: {}
Thu, 08 Oct 2020 21:36:12 GMT: {}
Thu, 08 Oct 2020 21:36:27 GMT: {}
Thu, 08 Oct 2020 21:36:35 GMT: {}
Thu, 08 Oct 2020 21:37:10 GMT: {}
Thu, 08 Oct 2020 21:37:23 GMT: {}
Thu, 08 Oct 2020 21:37:38 GMT: {}
Thu, 08 Oct 2020 21:38:04 GMT: {}
Thu, 08 Oct 2020 21:38:06 GMT: {}
Thu, 08 Oct 2020 21:38:20 GMT: {}
Thu, 08 Oct 2020 21:38:37 GMT: {}
Thu, 08 Oct 2020 21:39:40 GMT: {}
Thu, 08 Oct 2020 21:40:09 GMT: {}
Thu, 08 Oct 2020 21:40:24 GMT: {}
Thu, 08 Oct 2020 21:40:42 GMT: {}
Thu, 08 Oct 2020 21:41:04 GMT: {}
Thu, 08 Oct 2020 21:41:31 GMT: {}
Thu, 08 Oct 2020 21:41:40 GMT: {}
Thu, 08 Oct 2020 21:41:56 GMT: {}
Thu, 08 Oct 2020 21:42:22 GMT: {}
Thu, 08 Oct 2020 21:42:53 GMT: {}
Thu, 08 Oct 2020 21:43:05 GMT: {}
Thu, 08 Oct 2020 21:43:26 GMT: {}
Thu, 08 Oct 2020 21:43:36 GMT: {}
Thu, 08 Oct 2020 21:44:01 GMT: {}
Thu, 08 Oct 2020 21:44:21 GMT: {}
Thu, 08 Oct 2020 21:45:30 GMT: {}
Thu, 08 Oct 2020 21:45:59 GMT: {}
Thu, 08 Oct 2020 21:46:13 GMT: {}
Thu, 08 Oct 2020 21:47:39 GMT: {}
Thu, 08 Oct 2020 21:47:55 GMT: {}
Thu, 08 Oct 2020 21:49:27 GMT: {}
Thu, 08 Oct 2020 21:50:28 GMT: {}
Thu, 08 Oct 2020 21:51:15 GMT: {}
Thu, 08 Oct 2020 21:53:15 GMT: {}
Thu, 08 Oct 2020 21:56:25 GMT: {}
Thu, 08 Oct 2020 21:56:53 GMT: {}
Thu, 08 Oct 2020 21:58:25 GMT: {}
Thu, 08 Oct 2020 21:58:32 GMT: {}
Thu, 08 Oct 2020 21:59:33 GMT: {}
Thu, 08 Oct 2020 22:01:34 GMT: {}
Thu, 08 Oct 2020 22:02:23 GMT: {}
Thu, 08 Oct 2020 22:02:58 GMT: {}
Thu, 08 Oct 2020 22:03:35 GMT: {}
Thu, 08 Oct 2020 22:03:46 GMT: {}
Thu, 08 Oct 2020 22:04:49 GMT: {}
Thu, 08 Oct 2020 22:05:23 GMT: {}
Thu, 08 Oct 2020 22:06:07 GMT: {}
Thu, 08 Oct 2020 22:07:34 GMT: {}
Thu, 08 Oct 2020 22:07:51 GMT: {}
Thu, 08 Oct 2020 22:09:04 GMT: {}
Thu, 08 Oct 2020 22:09:27 GMT: {}
Thu, 08 Oct 2020 22:10:07 GMT: {}
Thu, 08 Oct 2020 22:10:30 GMT: {}
Thu, 08 Oct 2020 22:10:46 GMT: {}
Thu, 08 Oct 2020 22:12:46 GMT: {}
Thu, 08 Oct 2020 22:13:13 GMT: {}
Thu, 08 Oct 2020 22:13:45 GMT: {}
Thu, 08 Oct 2020 22:15:46 GMT: {}
Thu, 08 Oct 2020 22:15:46 GMT: {}
Thu, 08 Oct 2020 22:16:05 GMT: {}
Thu, 08 Oct 2020 22:17:26 GMT: {}
Thu, 08 Oct 2020 22:18:45 GMT: {}
Thu, 08 Oct 2020 22:19:38 GMT: {}
Thu, 08 Oct 2020 22:19:51 GMT: {}
Thu, 08 Oct 2020 22:20:02 GMT: {}
Thu, 08 Oct 2020 22:21:01 GMT: {}
Thu, 08 Oct 2020 22:21:55 GMT: {}
Thu, 08 Oct 2020 22:22:04 GMT: {}
Thu, 08 Oct 2020 22:22:33 GMT: {}
Thu, 08 Oct 2020 22:23:11 GMT: {}
Thu, 08 Oct 2020 22:35:59 GMT: {}
Thu, 08 Oct 2020 22:37:14 GMT: {}
Thu, 08 Oct 2020 22:39:14 GMT: {}
Thu, 08 Oct 2020 22:46:51 GMT: {}
Fri, 09 Oct 2020 04:51:29 GMT: {}
Fri, 09 Oct 2020 04:53:29 GMT: {}
Fri, 09 Oct 2020 07:46:33 GMT: {}
Fri, 09 Oct 2020 07:46:36 GMT: {}
Fri, 09 Oct 2020 07:47:18 GMT: {}
Fri, 09 Oct 2020 07:47:40 GMT: {}
Fri, 09 Oct 2020 13:26:52 GMT: {"name":"MongoParseError"}
Fri, 09 Oct 2020 13:27:06 GMT: {"code":"ER_ACCESS_DENIED_ERROR","errno":1045,"sqlMessage":"Access denied for user ''@'105.112.46.61' (using password: NO)","sqlState":"28000","fatal":true}
Fri, 09 Oct 2020 13:27:22 GMT: {"name":"MongoParseError"}
Fri, 09 Oct 2020 13:27:22 GMT: {"name":"MongoParseError"}
Sat, 10 Oct 2020 06:02:17 GMT: {}
Sat, 10 Oct 2020 06:12:29 GMT: {}
Sat, 10 Oct 2020 06:12:57 GMT: {}
Sat, 10 Oct 2020 06:13:33 GMT: {}
Sat, 10 Oct 2020 07:59:45 GMT: {}
Sat, 10 Oct 2020 13:18:40 GMT: {"name":"MongoParseError"}
Sat, 10 Oct 2020 13:18:43 GMT: {"code":"ER_ACCESS_DENIED_ERROR","errno":1045,"sqlMessage":"Access denied for user ''@'129.205.112.170' (using password: NO)","sqlState":"28000","fatal":true}
Sat, 10 Oct 2020 13:30:28 GMT: {"name":"MongoParseError"}
Sat, 10 Oct 2020 13:30:29 GMT: {"code":"ER_ACCESS_DENIED_ERROR","errno":1045,"sqlMessage":"Access denied for user ''@'129.205.112.170' (using password: NO)","sqlState":"28000","fatal":true}
Sat, 10 Oct 2020 13:35:58 GMT: {"name":"MongoParseError"}
Sat, 10 Oct 2020 13:35:59 GMT: {"code":"ER_ACCESS_DENIED_ERROR","errno":1045,"sqlMessage":"Access denied for user ''@'129.205.112.170' (using password: NO)","sqlState":"28000","fatal":true}
Sat, 10 Oct 2020 13:50:57 GMT: {"name":"MongoParseError"}
Sat, 10 Oct 2020 13:50:57 GMT: {"errno":"ENOTFOUND","code":"ENOTFOUND","syscall":"getaddrinfo","hostname":"l9dwvv6j64hlhpul.cbetxkdyhwsb.us-east-1.rds.amazonaws.com","host":"l9dwvv6j64hlhpul.cbetxkdyhwsb.us-east-1.rds.amazonaws.com","port":3306,"fatal":true}
Sat, 10 Oct 2020 13:51:27 GMT: {"name":"MongoParseError"}
Sat, 10 Oct 2020 13:51:41 GMT: {"name":"MongoParseError"}
Sat, 10 Oct 2020 13:51:41 GMT: {"errno":"ENOTFOUND","code":"ENOTFOUND","syscall":"getaddrinfo","hostname":"l9dwvv6j64hlhpul.cbetxkdyhwsb.us-east-1.rds.amazonaws.com","host":"l9dwvv6j64hlhpul.cbetxkdyhwsb.us-east-1.rds.amazonaws.com","port":3306,"fatal":true}
Sat, 10 Oct 2020 13:51:52 GMT: {"name":"MongoParseError"}
Sat, 10 Oct 2020 13:51:52 GMT: {"errno":"ENOTFOUND","code":"ENOTFOUND","syscall":"getaddrinfo","hostname":"l9dwvv6j64hlhpul.cbetxkdyhwsb.us-east-1.rds.amazonaws.com","host":"l9dwvv6j64hlhpul.cbetxkdyhwsb.us-east-1.rds.amazonaws.com","port":3306,"fatal":true}
Sat, 10 Oct 2020 13:52:01 GMT: {"name":"MongoParseError"}
Sat, 10 Oct 2020 13:52:06 GMT: {"name":"MongoParseError"}
Sat, 10 Oct 2020 13:52:06 GMT: {"errno":"ENOTFOUND","code":"ENOTFOUND","syscall":"getaddrinfo","hostname":"l9dwvv6j64hlhpul.cbetxkdyhwsb.us-east-1.rds.amazonaws.com","host":"l9dwvv6j64hlhpul.cbetxkdyhwsb.us-east-1.rds.amazonaws.com","port":3306,"fatal":true}
Sat, 10 Oct 2020 13:52:23 GMT: {"name":"MongoParseError"}
Sat, 10 Oct 2020 13:52:32 GMT: {"name":"MongoParseError"}
Sat, 10 Oct 2020 13:52:40 GMT: {"name":"MongoParseError"}
Sat, 10 Oct 2020 13:52:40 GMT: {"errno":"ENOTFOUND","code":"ENOTFOUND","syscall":"getaddrinfo","hostname":"l9dwvv6j64hlhpul.cbetxkdyhwsb.us-east-1.rds.amazonaws.com","host":"l9dwvv6j64hlhpul.cbetxkdyhwsb.us-east-1.rds.amazonaws.com","port":3306,"fatal":true}
Sat, 10 Oct 2020 13:52:49 GMT: {"name":"MongoParseError"}
Sat, 10 Oct 2020 13:52:51 GMT: {"errno":"ENOTFOUND","code":"ENOTFOUND","syscall":"getaddrinfo","hostname":"l9dwvv6j64hlhpul.cbetxkdyhwsb.us-east-1.rds.amazonaws.com","host":"l9dwvv6j64hlhpul.cbetxkdyhwsb.us-east-1.rds.amazonaws.com","port":3306,"fatal":true}
Sat, 10 Oct 2020 13:53:00 GMT: {"name":"MongoParseError"}
Sat, 10 Oct 2020 13:53:01 GMT: {"code":"ER_ACCESS_DENIED_ERROR","errno":1045,"sqlMessage":"Access denied for user ''@'129.205.112.170' (using password: NO)","sqlState":"28000","fatal":true}
Sat, 10 Oct 2020 13:53:12 GMT: {"name":"MongoParseError"}
Sat, 10 Oct 2020 13:53:22 GMT: {"code":"ER_ACCESS_DENIED_ERROR","errno":1045,"sqlMessage":"Access denied for user ''@'129.205.112.170' (using password: NO)","sqlState":"28000","fatal":true}
Sat, 10 Oct 2020 13:55:00 GMT: {"name":"MongoParseError"}
Sat, 10 Oct 2020 13:55:00 GMT: {"code":"ER_ACCESS_DENIED_ERROR","errno":1045,"sqlMessage":"Access denied for user ''@'129.205.112.170' (using password: NO)","sqlState":"28000","fatal":true}
Sat, 10 Oct 2020 13:55:42 GMT: {"name":"MongoParseError"}
Sat, 10 Oct 2020 13:55:53 GMT: {"code":"ER_ACCESS_DENIED_ERROR","errno":1045,"sqlMessage":"Access denied for user ''@'129.205.112.170' (using password: NO)","sqlState":"28000","fatal":true}
Sat, 10 Oct 2020 13:57:17 GMT: {"name":"MongoParseError"}
Sat, 10 Oct 2020 13:57:29 GMT: {"name":"MongoParseError"}
Sat, 10 Oct 2020 13:57:39 GMT: {"errorno":"ETIMEDOUT","code":"ETIMEDOUT","syscall":"connect","fatal":true}
Sat, 10 Oct 2020 13:57:47 GMT: {"name":"MongoParseError"}
Sat, 10 Oct 2020 13:57:57 GMT: {"errorno":"ETIMEDOUT","code":"ETIMEDOUT","syscall":"connect","fatal":true}
Sat, 10 Oct 2020 13:58:54 GMT: {"name":"MongoParseError"}
Sat, 10 Oct 2020 13:58:55 GMT: {"code":"ER_ACCESS_DENIED_ERROR","errno":1045,"sqlMessage":"Access denied for user ''@'129.205.112.170' (using password: NO)","sqlState":"28000","fatal":true}
Sat, 10 Oct 2020 13:59:16 GMT: {"name":"MongoParseError"}
Sat, 10 Oct 2020 13:59:17 GMT: {"code":"ER_ACCESS_DENIED_ERROR","errno":1045,"sqlMessage":"Access denied for user ''@'129.205.112.170' (using password: NO)","sqlState":"28000","fatal":true}
Sat, 10 Oct 2020 13:59:22 GMT: {"name":"MongoParseError"}
Sat, 10 Oct 2020 13:59:23 GMT: {"code":"ER_ACCESS_DENIED_ERROR","errno":1045,"sqlMessage":"Access denied for user ''@'129.205.112.170' (using password: NO)","sqlState":"28000","fatal":true}
Sat, 10 Oct 2020 14:00:08 GMT: {"name":"MongoParseError"}
Sat, 10 Oct 2020 14:00:08 GMT: {"code":"ER_ACCESS_DENIED_ERROR","errno":1045,"sqlMessage":"Access denied for user ''@'129.205.112.170' (using password: NO)","sqlState":"28000","fatal":true}
Sat, 10 Oct 2020 14:00:34 GMT: {"name":"MongoParseError"}
Sat, 10 Oct 2020 14:00:35 GMT: {"code":"ER_ACCESS_DENIED_ERROR","errno":1045,"sqlMessage":"Access denied for user ''@'129.205.112.170' (using password: NO)","sqlState":"28000","fatal":true}
Sat, 10 Oct 2020 14:00:41 GMT: {"name":"MongoParseError"}
Sat, 10 Oct 2020 14:00:42 GMT: {"code":"ER_ACCESS_DENIED_ERROR","errno":1045,"sqlMessage":"Access denied for user ''@'129.205.112.170' (using password: NO)","sqlState":"28000","fatal":true}
Sat, 10 Oct 2020 14:23:27 GMT: {"name":"MongoParseError"}
Sat, 10 Oct 2020 14:23:28 GMT: {"code":"ER_ACCESS_DENIED_ERROR","errno":1045,"sqlMessage":"Access denied for user ''@'129.205.112.170' (using password: NO)","sqlState":"28000","fatal":true}
Sat, 10 Oct 2020 14:42:15 GMT: {"name":"MongoParseError"}
Sat, 10 Oct 2020 14:42:16 GMT: {"code":"ER_ACCESS_DENIED_ERROR","errno":1045,"sqlMessage":"Access denied for user ''@'129.205.112.170' (using password: NO)","sqlState":"28000","fatal":true}
Sat, 10 Oct 2020 14:44:32 GMT: {"name":"MongoParseError"}
Sat, 10 Oct 2020 14:44:32 GMT: {"code":"ER_ACCESS_DENIED_ERROR","errno":1045,"sqlMessage":"Access denied for user ''@'129.205.112.170' (using password: NO)","sqlState":"28000","fatal":true}
Sat, 10 Oct 2020 15:24:24 GMT: {}
Sun, 11 Oct 2020 07:43:19 GMT: {"name":"MongoParseError"}
Sun, 11 Oct 2020 07:43:19 GMT: {"errno":"ENOTFOUND","code":"ENOTFOUND","syscall":"getaddrinfo","hostname":"l9dwvv6j64hlhpul.cbetxkdyhwsb.us-east-1.rds.amazonaws.com","host":"l9dwvv6j64hlhpul.cbetxkdyhwsb.us-east-1.rds.amazonaws.com","port":3306,"fatal":true}
Sun, 11 Oct 2020 15:12:30 GMT: {"code":"PROTOCOL_ENQUEUE_AFTER_FATAL_ERROR","fatal":false}
Sun, 11 Oct 2020 15:14:26 GMT: {"code":"PROTOCOL_ENQUEUE_AFTER_FATAL_ERROR","fatal":false}
Sun, 11 Oct 2020 15:15:57 GMT: {"name":"MongoParseError"}
Sun, 11 Oct 2020 15:15:58 GMT: {"errno":"ENOTFOUND","code":"ENOTFOUND","syscall":"getaddrinfo","hostname":"l9dwvv6j64hlhpul.cbetxkdyhwsb.us-east-1.rds.amazonaws.com","host":"l9dwvv6j64hlhpul.cbetxkdyhwsb.us-east-1.rds.amazonaws.com","port":3306,"fatal":true}
Sun, 11 Oct 2020 15:16:39 GMT: {"name":"MongoParseError"}
Sun, 11 Oct 2020 15:16:39 GMT: {"errno":"ENOTFOUND","code":"ENOTFOUND","syscall":"getaddrinfo","hostname":"l9dwvv6j64hlhpul.cbetxkdyhwsb.us-east-1.rds.amazonaws.com","host":"l9dwvv6j64hlhpul.cbetxkdyhwsb.us-east-1.rds.amazonaws.com","port":3306,"fatal":true}
Sun, 11 Oct 2020 15:17:26 GMT: {"name":"MongoParseError"}
Sun, 11 Oct 2020 15:17:26 GMT: {"errno":"ENOTFOUND","code":"ENOTFOUND","syscall":"getaddrinfo","hostname":"l9dwvv6j64hlhpul.cbetxkdyhwsb.us-east-1.rds.amazonaws.com","host":"l9dwvv6j64hlhpul.cbetxkdyhwsb.us-east-1.rds.amazonaws.com","port":3306,"fatal":true}
Sun, 11 Oct 2020 15:20:38 GMT: {"name":"MongoParseError"}
Sun, 11 Oct 2020 15:20:38 GMT: {"name":"MongoParseError"}
Mon, 12 Oct 2020 03:55:18 GMT: {"name":"MongoParseError"}
Mon, 12 Oct 2020 03:55:18 GMT: {"errno":"ENOTFOUND","code":"ENOTFOUND","syscall":"getaddrinfo","hostname":"l9dwvv6j64hlhpul.cbetxkdyhwsb.us-east-1.rds.amazonaws.com","host":"l9dwvv6j64hlhpul.cbetxkdyhwsb.us-east-1.rds.amazonaws.com","port":3306,"fatal":true}
Mon, 12 Oct 2020 16:14:58 GMT: {}
Mon, 12 Oct 2020 16:15:22 GMT: {}
Mon, 12 Oct 2020 17:26:44 GMT: {"errno":"ENOTFOUND","code":"ENOTFOUND","syscall":"getaddrinfo","hostname":"api.currencylayer.com","host":"api.currencylayer.com","port":80}
Mon, 12 Oct 2020 17:27:50 GMT: {"errno":"ENOTFOUND","code":"ENOTFOUND","syscall":"getaddrinfo","hostname":"api.currencylayer.com","host":"api.currencylayer.com","port":80}
Mon, 12 Oct 2020 17:59:00 GMT: {"errno":"ENOTFOUND","code":"ENOTFOUND","syscall":"getaddrinfo","hostname":"api.currencylayer.com","host":"api.currencylayer.com","port":80}
Mon, 12 Oct 2020 17:59:41 GMT: {"errno":"ENOTFOUND","code":"ENOTFOUND","syscall":"getaddrinfo","hostname":"api.currencylayer.com","host":"api.currencylayer.com","port":80}
Mon, 12 Oct 2020 18:03:58 GMT: {"errno":"ENOTFOUND","code":"ENOTFOUND","syscall":"getaddrinfo","hostname":"api.currencylayer.com","host":"api.currencylayer.com","port":80}
Mon, 12 Oct 2020 18:05:12 GMT: {}
Mon, 12 Oct 2020 18:05:12 GMT: {"errno":"ENOTFOUND","code":"ENOTFOUND","syscall":"getaddrinfo","hostname":"api.currencylayer.com","host":"api.currencylayer.com","port":80}
Mon, 12 Oct 2020 18:05:37 GMT: {}
Mon, 12 Oct 2020 18:05:37 GMT: {"errno":"ENOTFOUND","code":"ENOTFOUND","syscall":"getaddrinfo","hostname":"api.currencylayer.com","host":"api.currencylayer.com","port":80}
Mon, 12 Oct 2020 18:06:06 GMT: {}
Mon, 12 Oct 2020 18:06:06 GMT: {"errno":"ENOTFOUND","code":"ENOTFOUND","syscall":"getaddrinfo","hostname":"api.currencylayer.com","host":"api.currencylayer.com","port":80}
Mon, 12 Oct 2020 18:06:23 GMT: {}
Mon, 12 Oct 2020 18:06:23 GMT: {"errno":"ENOTFOUND","code":"ENOTFOUND","syscall":"getaddrinfo","hostname":"api.currencylayer.com","host":"api.currencylayer.com","port":80}
Mon, 12 Oct 2020 18:06:54 GMT: {}
Mon, 12 Oct 2020 18:06:54 GMT: {"errno":"ENOTFOUND","code":"ENOTFOUND","syscall":"getaddrinfo","hostname":"api.currencylayer.com","host":"api.currencylayer.com","port":80}
Mon, 12 Oct 2020 18:07:48 GMT: {}
Mon, 12 Oct 2020 18:07:48 GMT: {"errno":"ENOTFOUND","code":"ENOTFOUND","syscall":"getaddrinfo","hostname":"api.currencylayer.com","host":"api.currencylayer.com","port":80}
Mon, 12 Oct 2020 18:08:29 GMT: {}
Mon, 12 Oct 2020 18:08:29 GMT: {"errno":"ENOTFOUND","code":"ENOTFOUND","syscall":"getaddrinfo","hostname":"api.currencylayer.com","host":"api.currencylayer.com","port":80}
Mon, 12 Oct 2020 18:08:37 GMT: {}
Mon, 12 Oct 2020 18:08:37 GMT: {"errno":"ENOTFOUND","code":"ENOTFOUND","syscall":"getaddrinfo","hostname":"api.currencylayer.com","host":"api.currencylayer.com","port":80}
Mon, 12 Oct 2020 18:09:23 GMT: {}
Mon, 12 Oct 2020 18:09:23 GMT: {"errno":"ENOTFOUND","code":"ENOTFOUND","syscall":"getaddrinfo","hostname":"api.currencylayer.com","host":"api.currencylayer.com","port":80}
Mon, 12 Oct 2020 18:09:37 GMT: {}
Mon, 12 Oct 2020 18:09:55 GMT: {}
Mon, 12 Oct 2020 18:10:30 GMT: {}
Mon, 12 Oct 2020 18:10:57 GMT: {"errno":"ENOTFOUND","code":"ENOTFOUND","syscall":"getaddrinfo","hostname":"api.currencylayer.com","host":"api.currencylayer.com","port":80}
Mon, 12 Oct 2020 18:12:02 GMT: {"errno":"ENOTFOUND","code":"ENOTFOUND","syscall":"getaddrinfo","hostname":"api.currencylayer.com","host":"api.currencylayer.com","port":80}
Mon, 12 Oct 2020 18:13:12 GMT: {"errno":"ENOTFOUND","code":"ENOTFOUND","syscall":"getaddrinfo","hostname":"api.currencylayer.com","host":"api.currencylayer.com","port":80}
Mon, 12 Oct 2020 18:13:52 GMT: {"errno":"ENOTFOUND","code":"ENOTFOUND","syscall":"getaddrinfo","hostname":"api.currencylayer.com","host":"api.currencylayer.com","port":80}
Mon, 12 Oct 2020 18:14:10 GMT: {"errno":"ENOTFOUND","code":"ENOTFOUND","syscall":"getaddrinfo","hostname":"api.currencylayer.com","host":"api.currencylayer.com","port":80}
Mon, 12 Oct 2020 18:14:38 GMT: {"errno":"ENOTFOUND","code":"ENOTFOUND","syscall":"getaddrinfo","hostname":"api.currencylayer.com","host":"api.currencylayer.com","port":80}
Mon, 12 Oct 2020 18:14:58 GMT: {"errno":"ENOTFOUND","code":"ENOTFOUND","syscall":"getaddrinfo","hostname":"api.currencylayer.com","host":"api.currencylayer.com","port":80}
Mon, 12 Oct 2020 18:15:15 GMT: {"errno":"ENOTFOUND","code":"ENOTFOUND","syscall":"getaddrinfo","hostname":"api.currencylayer.com","host":"api.currencylayer.com","port":80}
Mon, 12 Oct 2020 18:15:24 GMT: {"errno":"ENOTFOUND","code":"ENOTFOUND","syscall":"getaddrinfo","hostname":"api.currencylayer.com","host":"api.currencylayer.com","port":80}
Mon, 12 Oct 2020 18:15:44 GMT: {"errno":"ENOTFOUND","code":"ENOTFOUND","syscall":"getaddrinfo","hostname":"api.currencylayer.com","host":"api.currencylayer.com","port":80}
Mon, 12 Oct 2020 18:15:57 GMT: {"errno":"ENOTFOUND","code":"ENOTFOUND","syscall":"getaddrinfo","hostname":"api.currencylayer.com","host":"api.currencylayer.com","port":80}
Mon, 12 Oct 2020 18:16:32 GMT: {"errno":"ENOTFOUND","code":"ENOTFOUND","syscall":"getaddrinfo","hostname":"api.currencylayer.com","host":"api.currencylayer.com","port":80}
Mon, 12 Oct 2020 18:17:01 GMT: {"errno":"ENOTFOUND","code":"ENOTFOUND","syscall":"getaddrinfo","hostname":"api.currencylayer.com","host":"api.currencylayer.com","port":80}
Mon, 12 Oct 2020 18:18:02 GMT: {"errno":"ENOTFOUND","code":"ENOTFOUND","syscall":"getaddrinfo","hostname":"api.currencylayer.com","host":"api.currencylayer.com","port":80}
Mon, 12 Oct 2020 18:18:36 GMT: {"errno":"ENOTFOUND","code":"ENOTFOUND","syscall":"getaddrinfo","hostname":"api.currencylayer.com","host":"api.currencylayer.com","port":80}
Mon, 12 Oct 2020 18:18:53 GMT: {"errno":"ENOTFOUND","code":"ENOTFOUND","syscall":"getaddrinfo","hostname":"api.currencylayer.com","host":"api.currencylayer.com","port":80}
Mon, 12 Oct 2020 18:50:59 GMT: {"errno":"ENOTFOUND","code":"ENOTFOUND","syscall":"getaddrinfo","hostname":"api.currencylayer.com","host":"api.currencylayer.com","port":80}
Mon, 12 Oct 2020 18:54:52 GMT: {"errno":"ENOTFOUND","code":"ENOTFOUND","syscall":"getaddrinfo","hostname":"api.currencylayer.com","host":"api.currencylayer.com","port":80}
Mon, 12 Oct 2020 19:05:08 GMT: {"errno":"ENOTFOUND","code":"ENOTFOUND","syscall":"getaddrinfo","hostname":"api.currencylayer.com","host":"api.currencylayer.com","port":80}
Mon, 12 Oct 2020 19:13:16 GMT: {"errno":"ENOTFOUND","code":"ENOTFOUND","syscall":"getaddrinfo","hostname":"api.currencylayer.com","host":"api.currencylayer.com","port":80}
Mon, 12 Oct 2020 19:14:21 GMT: {"errno":"ENOTFOUND","code":"ENOTFOUND","syscall":"getaddrinfo","hostname":"api.currencylayer.com","host":"api.currencylayer.com","port":80}
Mon, 12 Oct 2020 19:14:38 GMT: {"errno":"ENOTFOUND","code":"ENOTFOUND","syscall":"getaddrinfo","hostname":"api.currencylayer.com","host":"api.currencylayer.com","port":80}
Mon, 12 Oct 2020 19:19:41 GMT: {"errno":"ENOTFOUND","code":"ENOTFOUND","syscall":"getaddrinfo","hostname":"api.currencylayer.com","host":"api.currencylayer.com","port":80}
Mon, 12 Oct 2020 19:19:57 GMT: {"errno":"ENOTFOUND","code":"ENOTFOUND","syscall":"getaddrinfo","hostname":"api.currencylayer.com","host":"api.currencylayer.com","port":80}
Mon, 12 Oct 2020 19:21:36 GMT: {"errno":"ENOTFOUND","code":"ENOTFOUND","syscall":"getaddrinfo","hostname":"api.currencylayer.com","host":"api.currencylayer.com","port":80}
Mon, 12 Oct 2020 19:22:29 GMT: {"errno":"ENOTFOUND","code":"ENOTFOUND","syscall":"getaddrinfo","hostname":"api.currencylayer.com","host":"api.currencylayer.com","port":80}
Mon, 12 Oct 2020 19:23:07 GMT: {"errno":"ENOTFOUND","code":"ENOTFOUND","syscall":"getaddrinfo","hostname":"api.currencylayer.com","host":"api.currencylayer.com","port":80}
Mon, 12 Oct 2020 19:23:30 GMT: {"errno":"ENOTFOUND","code":"ENOTFOUND","syscall":"getaddrinfo","hostname":"api.currencylayer.com","host":"api.currencylayer.com","port":80}
Tue, 13 Oct 2020 04:43:31 GMT: {"errno":"ENOTFOUND","code":"ENOTFOUND","syscall":"getaddrinfo","hostname":"api.currencylayer.com","host":"api.currencylayer.com","port":80}
Tue, 13 Oct 2020 16:52:47 GMT: {"name":"MongoParseError"}
Tue, 13 Oct 2020 16:52:48 GMT: {"name":"MongoParseError"}
Tue, 13 Oct 2020 16:52:49 GMT: {"code":"ER_ACCESS_DENIED_ERROR","errno":1045,"sqlMessage":"Access denied for user ''@'129.205.112.170' (using password: NO)","sqlState":"28000","fatal":true}
Tue, 13 Oct 2020 16:55:28 GMT: {"name":"MongoParseError"}
Tue, 13 Oct 2020 16:55:29 GMT: {"name":"MongoParseError"}
Wed, 14 Oct 2020 09:09:11 GMT: {"errno":"ENOTFOUND","code":"ENOTFOUND","syscall":"getaddrinfo","hostname":"api.currencylayer.com","host":"api.currencylayer.com","port":80}
Fri, 16 Oct 2020 03:56:03 GMT: {"errno":"ENOTFOUND","code":"ENOTFOUND","syscall":"getaddrinfo","hostname":"api.currencylayer.com","host":"api.currencylayer.com","port":80}
Fri, 16 Oct 2020 12:23:31 GMT: {"code":"ER_ACCESS_DENIED_ERROR","errno":1045,"sqlMessage":"Access denied for user 'root'@'localhost' (using password: NO)","sqlState":"28000","fatal":true}
Fri, 16 Oct 2020 23:50:15 GMT: {"errno":"ENOTFOUND","code":"ENOTFOUND","syscall":"getaddrinfo","hostname":"api.currencylayer.com","host":"api.currencylayer.com","port":80}
Sun, 18 Oct 2020 04:05:16 GMT: {"errno":"ENOTFOUND","code":"ENOTFOUND","syscall":"getaddrinfo","hostname":"api.currencylayer.com","host":"api.currencylayer.com","port":80}
Mon, 19 Oct 2020 10:12:10 GMT: {"errno":"ENOTFOUND","code":"ENOTFOUND","syscall":"getaddrinfo","hostname":"api.currencylayer.com","host":"api.currencylayer.com","port":80}
Mon, 19 Oct 2020 11:16:23 GMT: {"name":"MongoParseError"}
Mon, 19 Oct 2020 11:16:24 GMT: {"name":"MongoParseError"}
Mon, 19 Oct 2020 11:16:24 GMT: {"errno":"ENOTFOUND","code":"ENOTFOUND","syscall":"getaddrinfo","hostname":"l9dwvv6j64hlhpul.cbetxkdyhwsb.us-east-1.rds.amazonaws.com","host":"l9dwvv6j64hlhpul.cbetxkdyhwsb.us-east-1.rds.amazonaws.com","port":3306,"fatal":true}
Tue, 20 Oct 2020 08:08:27 GMT: {"errno":"ENOTFOUND","code":"ENOTFOUND","syscall":"getaddrinfo","hostname":"api.currencylayer.com","host":"api.currencylayer.com","port":80}
Thu, 22 Oct 2020 11:39:50 GMT: {"errno":"ENOTFOUND","code":"ENOTFOUND","syscall":"getaddrinfo","hostname":"api.currencylayer.com","host":"api.currencylayer.com","port":80}
Fri, 23 Oct 2020 03:21:08 GMT: {"errno":"ENOTFOUND","code":"ENOTFOUND","syscall":"getaddrinfo","hostname":"api.currencylayer.com","host":"api.currencylayer.com","port":80}
